<?xml version="1.0" encoding="UTF-8"?>
<testsuite name="Choucair Academy" tests="1" skipped="0" failures="0" errors="0" timestamp="2021-06-23T15:14:45" hostname="CHMEPPF181X8Z" time="50.472">
  <properties/>
  <testcase name="Search for an automation course" classname="Choucair Academy" time="50.472"/>
  <system-out><![CDATA[]]></system-out>
  <system-err><![CDATA[jun 23, 2021 10:14:45 AM org.openqa.selenium.remote.DesiredCapabilities chrome
INFORMACIÓN: Using `new ChromeOptions()` is preferred to `DesiredCapabilities.chrome()`
Starting ChromeDriver 91.0.4472.19 (1bf021f248676a0b2ab3ee0561d83a59e424c23e-refs/branch-heads/4472@{#288}) on port 17267
Only local connections are allowed.
Please see https://chromedriver.chromium.org/security-considerations for suggestions on keeping ChromeDriver safe.
ChromeDriver was started successfully.
jun 23, 2021 10:14:48 AM org.openqa.selenium.remote.ProtocolHandshake createSession
INFORMACIÓN: Detected dialect: W3C
[Test worker] INFO net.serenitybdd.core.Serenity - 
        __    _____ _____ ____ _____   ____   _    ____  ____  _____ ____  
  _     \ \  |_   _| ____/ ___|_   _| |  _ \ / \  / ___|/ ___|| ____|  _ \ 
 (_)_____| |   | | |  _| \___ \ | |   | |_) / _ \ \___ \\___ \|  _| | | | |
  _|_____| |   | | | |___ ___) || |   |  __/ ___ \ ___) |___) | |___| |_| |
 (_)     | |   |_| |_____|____/ |_|   |_| /_/   \_\____/|____/|_____|____/ 
        /_/                                                                

TEST PASSED: Search for an automation course
----------------------------------------------------------------------------
]]></system-err>
</testsuite>
